0 info it worked if it ends with ok
1 verbose cli [ 'C:\\Program Files (x86)\\nodejs\\\\node.exe',
1 verbose cli   'C:\\Program Files (x86)\\nodejs\\node_modules\\npm\\bin\\npm-cli.js',
1 verbose cli   'install' ]
2 info using npm@1.4.28
3 info using node@v0.10.32
4 verbose node symlink C:\Program Files (x86)\nodejs\\node.exe
5 warn package.json repeat@1.0.0 No repository field.
6 verbose readDependencies using package.json deps
7 verbose install where, deps [ 'C:\\Users\\vinay\\Documents\\gsv-pano-save',
7 verbose install   [ 'connect', 'google-maps', 'path' ] ]
8 info preinstall repeat@1.0.0
9 verbose readDependencies using package.json deps
10 verbose already installed skipping connect@1.9.2 C:\Users\vinay\Documents\gsv-pano-save
11 verbose already installed skipping google-maps@2.0.0 C:\Users\vinay\Documents\gsv-pano-save
12 verbose cache add [ 'path@0.10.*', null ]
13 verbose cache add name=undefined spec="path@0.10.*" args=["path@0.10.*",null]
14 verbose parsed url { protocol: null,
14 verbose parsed url   slashes: null,
14 verbose parsed url   auth: null,
14 verbose parsed url   host: null,
14 verbose parsed url   port: null,
14 verbose parsed url   hostname: null,
14 verbose parsed url   hash: null,
14 verbose parsed url   search: null,
14 verbose parsed url   query: null,
14 verbose parsed url   pathname: 'path@0.10.*',
14 verbose parsed url   path: 'path@0.10.*',
14 verbose parsed url   href: 'path@0.10.*' }
15 verbose cache add name="path" spec="0.10.*" args=["path","0.10.*"]
16 verbose parsed url { protocol: null,
16 verbose parsed url   slashes: null,
16 verbose parsed url   auth: null,
16 verbose parsed url   host: null,
16 verbose parsed url   port: null,
16 verbose parsed url   hostname: null,
16 verbose parsed url   hash: null,
16 verbose parsed url   search: null,
16 verbose parsed url   query: null,
16 verbose parsed url   pathname: '0.10.*',
16 verbose parsed url   path: '0.10.*',
16 verbose parsed url   href: '0.10.*' }
17 verbose addNamed [ 'path', '0.10.*' ]
18 verbose addNamed [ null, '>=0.10.0-0 <0.11.0-0' ]
19 silly lockFile 73bbc63f-path-0-10 path@0.10.*
20 verbose lock path@0.10.* C:\Users\vinay\AppData\Roaming\npm-cache\73bbc63f-path-0-10.lock
21 silly addNameRange { name: 'path', range: '>=0.10.0-0 <0.11.0-0', hasData: false }
22 verbose request where is /path
23 verbose request registry https://registry.npmjs.org/
24 verbose request id 72a96824b97829f6
25 verbose url raw /path
26 verbose url resolving [ 'https://registry.npmjs.org/', './path' ]
27 verbose url resolved https://registry.npmjs.org/path
28 verbose request where is https://registry.npmjs.org/path
29 info trying registry request attempt 1 at 13:06:55
30 verbose etag "9DC62W8H3P33ZN8HEYSYCNWJG"
31 http GET https://registry.npmjs.org/path
32 http 304 https://registry.npmjs.org/path
33 silly registry.get cb [ 304,
33 silly registry.get   { date: 'Mon, 20 Oct 2014 17:06:59 GMT',
33 silly registry.get     server: 'Apache',
33 silly registry.get     via: '1.1 varnish',
33 silly registry.get     'last-modified': 'Mon, 20 Oct 2014 17:06:59 GMT',
33 silly registry.get     'cache-control': 'max-age=60',
33 silly registry.get     etag: '"9DC62W8H3P33ZN8HEYSYCNWJG"',
33 silly registry.get     age: '0',
33 silly registry.get     'x-served-by': 'cache-ord1724-ORD',
33 silly registry.get     'x-cache': 'HIT',
33 silly registry.get     'x-cache-hits': '1',
33 silly registry.get     'x-timer': 'S1413824819.444732,VS0,VE28',
33 silly registry.get     vary: 'Accept',
33 silly registry.get     'content-length': '0',
33 silly registry.get     'keep-alive': 'timeout=10, max=50',
33 silly registry.get     connection: 'Keep-Alive' } ]
34 verbose etag https://registry.npmjs.org/path from cache
35 silly addNameRange number 2 { name: 'path', range: '>=0.10.0-0 <0.11.0-0', hasData: true }
36 silly addNameRange versions [ 'path', [ '0.4.9' ] ]
37 silly lockFile 73bbc63f-path-0-10 path@0.10.*
38 silly lockFile 73bbc63f-path-0-10 path@0.10.*
39 error notarget No compatible version found: path@'>=0.10.0-0 <0.11.0-0'
39 error notarget Valid install targets:
39 error notarget ["0.4.9"]
39 error notarget
39 error notarget This is most likely not a problem with npm itself.
39 error notarget In most cases you or one of your dependencies are requesting
39 error notarget a package version that doesn't exist.
40 error System Windows_NT 6.2.9200
41 error command "C:\\Program Files (x86)\\nodejs\\\\node.exe" "C:\\Program Files (x86)\\nodejs\\node_modules\\npm\\bin\\npm-cli.js" "install"
42 error cwd C:\Users\vinay\Documents\gsv-pano-save
43 error node -v v0.10.32
44 error npm -v 1.4.28
45 error code ETARGET
46 verbose exit [ 1, true ]
